Using pre-set license
Built from '2020.3/staging' branch; Version is '2020.3.0f1 (c7b5465681fb) revision 13088070'; Using compiler version '192528614'; Build Type 'Release'
OS: 'Windows 10 Enterprise 2016 LTSB; OS build 14393.4770; Version 1607; 64bit' Language: 'ru' Physical Memory: 28622 MB
BatchMode: 1, IsHumanControllingUs: 0, StartBugReporterOnCrash: 0, Is64bit: 1, IsPro: 0

 COMMAND LINE ARGUMENTS:
G:\Unity\2020.3.0f1\Editor\Unity.exe
-adb2
-batchMode
-noUpm
-name
AssetImportWorker0
-projectPath
C:/BombermanPig/BombermanPig_Moskovcev
-logFile
Logs/AssetImportWorker0.log
-srvPort
57351
Successfully changed project path to: C:/BombermanPig/BombermanPig_Moskovcev
C:/BombermanPig/BombermanPig_Moskovcev
Using Asset Import Pipeline V2.
Refreshing native plugins compatible for Editor in 42.00 ms, found 1 plugins.
Preloading 0 native plugins for Editor in 0.00 ms.
Initialize engine version: 2020.3.0f1 (c7b5465681fb)
[Subsystems] Discovering subsystems at path G:/Unity/2020.3.0f1/Editor/Data/Resources/UnitySubsystems
[Subsystems] Discovering subsystems at path C:/BombermanPig/BombermanPig_Moskovcev/Assets
GfxDevice: creating device client; threaded=0
Direct3D:
    Version:  Direct3D 11.0 [level 11.1]
    Renderer: NVIDIA GeForce GTX 1060 3GB (ID=0x1c02)
    Vendor:   
    VRAM:     2990 MB
    Driver:   27.21.14.5671
Initialize mono
Mono path[0] = 'G:/Unity/2020.3.0f1/Editor/Data/Managed'
Mono path[1] = 'G:/Unity/2020.3.0f1/Editor/Data/MonoBleedingEdge/lib/mono/unityjit'
Mono config path = 'G:/Unity/2020.3.0f1/Editor/Data/MonoBleedingEdge/etc'
Using monoOptions --debugger-agent=transport=dt_socket,embedding=1,server=y,suspend=n,address=127.0.0.1:56012
Begin MonoManager ReloadAssembly
Registering precompiled unity dll's ...
Register platform support module: G:/Unity/2020.3.0f1/Editor/Data/PlaybackEngines/WindowsStandaloneSupport/UnityEditor.WindowsStandalone.Extensions.dll
Registered in 0.000917 seconds.
Native extension for WindowsStandalone target not found
Refreshing native plugins compatible for Editor in 41.05 ms, found 1 plugins.
Preloading 0 native plugins for Editor in 0.00 ms.
Invoked RoslynAnalysisRunner static constructor.
RoslynAnalysisRunner will not be running.
RoslynAnalysisRunner has terminated.
Mono: successfully reloaded assembly
- Completed reload, in  2.835 seconds
Platform modules already initialized, skipping
Registering precompiled user dll's ...
Registered in 0.000946 seconds.
Begin MonoManager ReloadAssembly
Native extension for WindowsStandalone target not found
Refreshing native plugins compatible for Editor in 41.92 ms, found 1 plugins.
Preloading 0 native plugins for Editor in 0.00 ms.
Invoked RoslynAnalysisRunner static constructor.
RoslynAnalysisRunner will not be running.
RoslynAnalysisRunner has terminated.
Mono: successfully reloaded assembly
- Completed reload, in  1.015 seconds
Platform modules already initialized, skipping
========================================================================
Worker process is ready to serve import requests
Launched and connected shader compiler UnityShaderCompiler.exe after 0.03 seconds
Refreshing native plugins compatible for Editor in 0.40 ms, found 1 plugins.
Preloading 0 native plugins for Editor in 0.00 ms.
Unloading 1811 Unused Serialized files (Serialized files now loaded: 0)
System memory in use before: 84.7 MB.
System memory in use after: 84.7 MB.

Unloading 23 unused Assets to reduce memory usage. Loaded Objects now: 2254.
Total: 2.459007 ms (FindLiveObjects: 0.222817 ms CreateObjectMapping: 0.050655 ms MarkObjects: 2.026196 ms  DeleteObjects: 0.158697 ms)

========================================================================
Received Import Request.
  path: Assets/Boulder.cs
  artifactKey: Guid(0819360af48ce1e48b63c5e9ee6dd3c1) Importer(815301076,1909f56bfc062723c751e8b465ee728b)
Start importing Assets/Boulder.cs using Guid(0819360af48ce1e48b63c5e9ee6dd3c1) Importer(815301076,1909f56bfc062723c751e8b465ee728b)  -> (artifact id: '00000000000000000000000000000000') in 0.021658 seconds
  ERROR: Build asset version error: assets/boulder.cs in SourceAssetDB has modification time of '2022-01-10T18:39:35.95197Z' while content on disk has modification time of '2022-01-11T13:31:00.8556407Z'
  Import took 0.024728 seconds .

========================================================================
Received Import Request.
  Time since last request: 0.074611 seconds.
  path: Assets/Boulder.cs
  artifactKey: Guid(0819360af48ce1e48b63c5e9ee6dd3c1) Importer(815301076,1909f56bfc062723c751e8b465ee728b)
Start importing Assets/Boulder.cs using Guid(0819360af48ce1e48b63c5e9ee6dd3c1) Importer(815301076,1909f56bfc062723c751e8b465ee728b)  -> (artifact id: '00000000000000000000000000000000') in 0.000281 seconds
  ERROR: Build asset version error: assets/boulder.cs in SourceAssetDB has modification time of '2022-01-10T18:39:35.95197Z' while content on disk has modification time of '2022-01-11T13:31:00.8556407Z'
  Import took 0.003097 seconds .

========================================================================
Received Import Request.
  Time since last request: 0.016284 seconds.
  path: Assets/Boulder.cs
  artifactKey: Guid(0819360af48ce1e48b63c5e9ee6dd3c1) Importer(815301076,1909f56bfc062723c751e8b465ee728b)
Start importing Assets/Boulder.cs using Guid(0819360af48ce1e48b63c5e9ee6dd3c1) Importer(815301076,1909f56bfc062723c751e8b465ee728b)  -> (artifact id: '00000000000000000000000000000000') in 0.000267 seconds
  ERROR: Build asset version error: assets/boulder.cs in SourceAssetDB has modification time of '2022-01-10T18:39:35.95197Z' while content on disk has modification time of '2022-01-11T13:31:00.8556407Z'
  Import took 0.002913 seconds .

========================================================================
Received Import Request.
  Time since last request: 0.020717 seconds.
  path: Assets/Boulder.cs
  artifactKey: Guid(0819360af48ce1e48b63c5e9ee6dd3c1) Importer(815301076,1909f56bfc062723c751e8b465ee728b)
Start importing Assets/Boulder.cs using Guid(0819360af48ce1e48b63c5e9ee6dd3c1) Importer(815301076,1909f56bfc062723c751e8b465ee728b)  -> (artifact id: '00000000000000000000000000000000') in 0.000273 seconds
  ERROR: Build asset version error: assets/boulder.cs in SourceAssetDB has modification time of '2022-01-10T18:39:35.95197Z' while content on disk has modification time of '2022-01-11T13:31:00.8556407Z'
  Import took 0.003002 seconds .

========================================================================
Received Import Request.
  Time since last request: 0.015099 seconds.
  path: Assets/Boulder.cs
  artifactKey: Guid(0819360af48ce1e48b63c5e9ee6dd3c1) Importer(815301076,1909f56bfc062723c751e8b465ee728b)
Start importing Assets/Boulder.cs using Guid(0819360af48ce1e48b63c5e9ee6dd3c1) Importer(815301076,1909f56bfc062723c751e8b465ee728b)  -> (artifact id: '00000000000000000000000000000000') in 0.000275 seconds
  ERROR: Build asset version error: assets/boulder.cs in SourceAssetDB has modification time of '2022-01-10T18:39:35.95197Z' while content on disk has modification time of '2022-01-11T13:31:00.8556407Z'
  Import took 0.002929 seconds .

========================================================================
Received Import Request.
  Time since last request: 0.014941 seconds.
  path: Assets/Boulder.cs
  artifactKey: Guid(0819360af48ce1e48b63c5e9ee6dd3c1) Importer(815301076,1909f56bfc062723c751e8b465ee728b)
Start importing Assets/Boulder.cs using Guid(0819360af48ce1e48b63c5e9ee6dd3c1) Importer(815301076,1909f56bfc062723c751e8b465ee728b)  -> (artifact id: '00000000000000000000000000000000') in 0.000265 seconds
  ERROR: Build asset version error: assets/boulder.cs in SourceAssetDB has modification time of '2022-01-10T18:39:35.95197Z' while content on disk has modification time of '2022-01-11T13:31:00.8556407Z'
  Import took 0.002878 seconds .

========================================================================
Received Import Request.
  Time since last request: 0.020020 seconds.
  path: Assets/Boulder.cs
  artifactKey: Guid(0819360af48ce1e48b63c5e9ee6dd3c1) Importer(815301076,1909f56bfc062723c751e8b465ee728b)
Start importing Assets/Boulder.cs using Guid(0819360af48ce1e48b63c5e9ee6dd3c1) Importer(815301076,1909f56bfc062723c751e8b465ee728b)  -> (artifact id: '00000000000000000000000000000000') in 0.000269 seconds
  ERROR: Build asset version error: assets/boulder.cs in SourceAssetDB has modification time of '2022-01-10T18:39:35.95197Z' while content on disk has modification time of '2022-01-11T13:31:00.8556407Z'
  Import took 0.002965 seconds .

========================================================================
Received Import Request.
  Time since last request: 0.015702 seconds.
  path: Assets/Boulder.cs
  artifactKey: Guid(0819360af48ce1e48b63c5e9ee6dd3c1) Importer(815301076,1909f56bfc062723c751e8b465ee728b)
Start importing Assets/Boulder.cs using Guid(0819360af48ce1e48b63c5e9ee6dd3c1) Importer(815301076,1909f56bfc062723c751e8b465ee728b)  -> (artifact id: '00000000000000000000000000000000') in 0.000272 seconds
  ERROR: Build asset version error: assets/boulder.cs in SourceAssetDB has modification time of '2022-01-10T18:39:35.95197Z' while content on disk has modification time of '2022-01-11T13:31:00.8556407Z'
  Import took 0.002885 seconds .

========================================================================
Received Import Request.
  Time since last request: 0.015316 seconds.
  path: Assets/Boulder.cs
  artifactKey: Guid(0819360af48ce1e48b63c5e9ee6dd3c1) Importer(815301076,1909f56bfc062723c751e8b465ee728b)
Start importing Assets/Boulder.cs using Guid(0819360af48ce1e48b63c5e9ee6dd3c1) Importer(815301076,1909f56bfc062723c751e8b465ee728b)  -> (artifact id: '00000000000000000000000000000000') in 0.000265 seconds
  ERROR: Build asset version error: assets/boulder.cs in SourceAssetDB has modification time of '2022-01-10T18:39:35.95197Z' while content on disk has modification time of '2022-01-11T13:31:00.8556407Z'
  Import took 0.002892 seconds .

========================================================================
Received Import Request.
  Time since last request: 0.016163 seconds.
  path: Assets/Boulder.cs
  artifactKey: Guid(0819360af48ce1e48b63c5e9ee6dd3c1) Importer(815301076,1909f56bfc062723c751e8b465ee728b)
Start importing Assets/Boulder.cs using Guid(0819360af48ce1e48b63c5e9ee6dd3c1) Importer(815301076,1909f56bfc062723c751e8b465ee728b)  -> (artifact id: '00000000000000000000000000000000') in 0.000287 seconds
  ERROR: Build asset version error: assets/boulder.cs in SourceAssetDB has modification time of '2022-01-10T18:39:35.95197Z' while content on disk has modification time of '2022-01-11T13:31:00.8556407Z'
  Import took 0.003048 seconds .

========================================================================
Received Import Request.
  Time since last request: 0.022297 seconds.
  path: Assets/Boulder.cs
  artifactKey: Guid(0819360af48ce1e48b63c5e9ee6dd3c1) Importer(815301076,1909f56bfc062723c751e8b465ee728b)
Start importing Assets/Boulder.cs using Guid(0819360af48ce1e48b63c5e9ee6dd3c1) Importer(815301076,1909f56bfc062723c751e8b465ee728b)  -> (artifact id: '00000000000000000000000000000000') in 0.000262 seconds
  ERROR: Build asset version error: assets/boulder.cs in SourceAssetDB has modification time of '2022-01-10T18:39:35.95197Z' while content on disk has modification time of '2022-01-11T13:31:00.8556407Z'
  Import took 0.002921 seconds .

========================================================================
Received Import Request.
  Time since last request: 0.015941 seconds.
  path: Assets/Boulder.cs
  artifactKey: Guid(0819360af48ce1e48b63c5e9ee6dd3c1) Importer(815301076,1909f56bfc062723c751e8b465ee728b)
Start importing Assets/Boulder.cs using Guid(0819360af48ce1e48b63c5e9ee6dd3c1) Importer(815301076,1909f56bfc062723c751e8b465ee728b)  -> (artifact id: '00000000000000000000000000000000') in 0.000280 seconds
  ERROR: Build asset version error: assets/boulder.cs in SourceAssetDB has modification time of '2022-01-10T18:39:35.95197Z' while content on disk has modification time of '2022-01-11T13:31:00.8556407Z'
  Import took 0.003034 seconds .

========================================================================
Received Import Request.
  Time since last request: 0.015693 seconds.
  path: Assets/Boulder.cs
  artifactKey: Guid(0819360af48ce1e48b63c5e9ee6dd3c1) Importer(815301076,1909f56bfc062723c751e8b465ee728b)
Start importing Assets/Boulder.cs using Guid(0819360af48ce1e48b63c5e9ee6dd3c1) Importer(815301076,1909f56bfc062723c751e8b465ee728b)  -> (artifact id: '00000000000000000000000000000000') in 0.000268 seconds
  ERROR: Build asset version error: assets/boulder.cs in SourceAssetDB has modification time of '2022-01-10T18:39:35.95197Z' while content on disk has modification time of '2022-01-11T13:31:00.8556407Z'
  Import took 0.002911 seconds .

========================================================================
Received Import Request.
  Time since last request: 0.014839 seconds.
  path: Assets/Boulder.cs
  artifactKey: Guid(0819360af48ce1e48b63c5e9ee6dd3c1) Importer(815301076,1909f56bfc062723c751e8b465ee728b)
Start importing Assets/Boulder.cs using Guid(0819360af48ce1e48b63c5e9ee6dd3c1) Importer(815301076,1909f56bfc062723c751e8b465ee728b)  -> (artifact id: '00000000000000000000000000000000') in 0.000284 seconds
  ERROR: Build asset version error: assets/boulder.cs in SourceAssetDB has modification time of '2022-01-10T18:39:35.95197Z' while content on disk has modification time of '2022-01-11T13:31:00.8556407Z'
  Import took 0.003047 seconds .

========================================================================
Received Import Request.
  Time since last request: 0.022307 seconds.
  path: Assets/Boulder.cs
  artifactKey: Guid(0819360af48ce1e48b63c5e9ee6dd3c1) Importer(815301076,1909f56bfc062723c751e8b465ee728b)
Start importing Assets/Boulder.cs using Guid(0819360af48ce1e48b63c5e9ee6dd3c1) Importer(815301076,1909f56bfc062723c751e8b465ee728b)  -> (artifact id: '00000000000000000000000000000000') in 0.000270 seconds
  ERROR: Build asset version error: assets/boulder.cs in SourceAssetDB has modification time of '2022-01-10T18:39:35.95197Z' while content on disk has modification time of '2022-01-11T13:31:00.8556407Z'
  Import took 0.002951 seconds .

========================================================================
Received Import Request.
  Time since last request: 0.017523 seconds.
  path: Assets/Boulder.cs
  artifactKey: Guid(0819360af48ce1e48b63c5e9ee6dd3c1) Importer(815301076,1909f56bfc062723c751e8b465ee728b)
Start importing Assets/Boulder.cs using Guid(0819360af48ce1e48b63c5e9ee6dd3c1) Importer(815301076,1909f56bfc062723c751e8b465ee728b)  -> (artifact id: '00000000000000000000000000000000') in 0.000273 seconds
  ERROR: Build asset version error: assets/boulder.cs in SourceAssetDB has modification time of '2022-01-10T18:39:35.95197Z' while content on disk has modification time of '2022-01-11T13:31:00.8556407Z'
  Import took 0.002953 seconds .

========================================================================
Received Import Request.
  Time since last request: 0.017502 seconds.
  path: Assets/Boulder.cs
  artifactKey: Guid(0819360af48ce1e48b63c5e9ee6dd3c1) Importer(815301076,1909f56bfc062723c751e8b465ee728b)
Start importing Assets/Boulder.cs using Guid(0819360af48ce1e48b63c5e9ee6dd3c1) Importer(815301076,1909f56bfc062723c751e8b465ee728b)  -> (artifact id: '00000000000000000000000000000000') in 0.000316 seconds
  ERROR: Build asset version error: assets/boulder.cs in SourceAssetDB has modification time of '2022-01-10T18:39:35.95197Z' while content on disk has modification time of '2022-01-11T13:31:00.8556407Z'
  Import took 0.003231 seconds .

========================================================================
Received Import Request.
  Time since last request: 0.016119 seconds.
  path: Assets/Boulder.cs
  artifactKey: Guid(0819360af48ce1e48b63c5e9ee6dd3c1) Importer(815301076,1909f56bfc062723c751e8b465ee728b)
Start importing Assets/Boulder.cs using Guid(0819360af48ce1e48b63c5e9ee6dd3c1) Importer(815301076,1909f56bfc062723c751e8b465ee728b)  -> (artifact id: '00000000000000000000000000000000') in 0.000350 seconds
  ERROR: Build asset version error: assets/boulder.cs in SourceAssetDB has modification time of '2022-01-10T18:39:35.95197Z' while content on disk has modification time of '2022-01-11T13:31:00.8556407Z'
  Import took 0.003321 seconds .

========================================================================
Received Import Request.
  Time since last request: 0.022437 seconds.
  path: Assets/Boulder.cs
  artifactKey: Guid(0819360af48ce1e48b63c5e9ee6dd3c1) Importer(815301076,1909f56bfc062723c751e8b465ee728b)
Start importing Assets/Boulder.cs using Guid(0819360af48ce1e48b63c5e9ee6dd3c1) Importer(815301076,1909f56bfc062723c751e8b465ee728b)  -> (artifact id: '00000000000000000000000000000000') in 0.000265 seconds
  ERROR: Build asset version error: assets/boulder.cs in SourceAssetDB has modification time of '2022-01-10T18:39:35.95197Z' while content on disk has modification time of '2022-01-11T13:31:00.8556407Z'
  Import took 0.003062 seconds .

========================================================================
Received Import Request.
  Time since last request: 0.015666 seconds.
  path: Assets/Boulder.cs
  artifactKey: Guid(0819360af48ce1e48b63c5e9ee6dd3c1) Importer(815301076,1909f56bfc062723c751e8b465ee728b)
Start importing Assets/Boulder.cs using Guid(0819360af48ce1e48b63c5e9ee6dd3c1) Importer(815301076,1909f56bfc062723c751e8b465ee728b)  -> (artifact id: '00000000000000000000000000000000') in 0.000253 seconds
  ERROR: Build asset version error: assets/boulder.cs in SourceAssetDB has modification time of '2022-01-10T18:39:35.95197Z' while content on disk has modification time of '2022-01-11T13:31:00.8556407Z'
  Import took 0.002968 seconds .

========================================================================
Received Import Request.
  Time since last request: 0.015332 seconds.
  path: Assets/Boulder.cs
  artifactKey: Guid(0819360af48ce1e48b63c5e9ee6dd3c1) Importer(815301076,1909f56bfc062723c751e8b465ee728b)
Start importing Assets/Boulder.cs using Guid(0819360af48ce1e48b63c5e9ee6dd3c1) Importer(815301076,1909f56bfc062723c751e8b465ee728b)  -> (artifact id: '00000000000000000000000000000000') in 0.000263 seconds
  ERROR: Build asset version error: assets/boulder.cs in SourceAssetDB has modification time of '2022-01-10T18:39:35.95197Z' while content on disk has modification time of '2022-01-11T13:31:00.8556407Z'
  Import took 0.003068 seconds .

========================================================================
Received Import Request.
  Time since last request: 0.016055 seconds.
  path: Assets/Boulder.cs
  artifactKey: Guid(0819360af48ce1e48b63c5e9ee6dd3c1) Importer(815301076,1909f56bfc062723c751e8b465ee728b)
Start importing Assets/Boulder.cs using Guid(0819360af48ce1e48b63c5e9ee6dd3c1) Importer(815301076,1909f56bfc062723c751e8b465ee728b)  -> (artifact id: '00000000000000000000000000000000') in 0.000278 seconds
  ERROR: Build asset version error: assets/boulder.cs in SourceAssetDB has modification time of '2022-01-10T18:39:35.95197Z' while content on disk has modification time of '2022-01-11T13:31:00.8556407Z'
  Import took 0.003118 seconds .

========================================================================
Received Import Request.
  Time since last request: 0.020639 seconds.
  path: Assets/Boulder.cs
  artifactKey: Guid(0819360af48ce1e48b63c5e9ee6dd3c1) Importer(815301076,1909f56bfc062723c751e8b465ee728b)
Start importing Assets/Boulder.cs using Guid(0819360af48ce1e48b63c5e9ee6dd3c1) Importer(815301076,1909f56bfc062723c751e8b465ee728b)  -> (artifact id: '00000000000000000000000000000000') in 0.000269 seconds
  ERROR: Build asset version error: assets/boulder.cs in SourceAssetDB has modification time of '2022-01-10T18:39:35.95197Z' while content on disk has modification time of '2022-01-11T13:31:00.8556407Z'
  Import took 0.003110 seconds .

========================================================================
Received Import Request.
  Time since last request: 0.014695 seconds.
  path: Assets/Boulder.cs
  artifactKey: Guid(0819360af48ce1e48b63c5e9ee6dd3c1) Importer(815301076,1909f56bfc062723c751e8b465ee728b)
Start importing Assets/Boulder.cs using Guid(0819360af48ce1e48b63c5e9ee6dd3c1) Importer(815301076,1909f56bfc062723c751e8b465ee728b)  -> (artifact id: '00000000000000000000000000000000') in 0.000257 seconds
  ERROR: Build asset version error: assets/boulder.cs in SourceAssetDB has modification time of '2022-01-10T18:39:35.95197Z' while content on disk has modification time of '2022-01-11T13:31:00.8556407Z'
  Import took 0.003008 seconds .

========================================================================
Received Import Request.
  Time since last request: 0.014989 seconds.
  path: Assets/Boulder.cs
  artifactKey: Guid(0819360af48ce1e48b63c5e9ee6dd3c1) Importer(815301076,1909f56bfc062723c751e8b465ee728b)
Start importing Assets/Boulder.cs using Guid(0819360af48ce1e48b63c5e9ee6dd3c1) Importer(815301076,1909f56bfc062723c751e8b465ee728b)  -> (artifact id: '00000000000000000000000000000000') in 0.000256 seconds
  ERROR: Build asset version error: assets/boulder.cs in SourceAssetDB has modification time of '2022-01-10T18:39:35.95197Z' while content on disk has modification time of '2022-01-11T13:31:00.8556407Z'
  Import took 0.003016 seconds .

========================================================================
Received Import Request.
  Time since last request: 0.019973 seconds.
  path: Assets/Boulder.cs
  artifactKey: Guid(0819360af48ce1e48b63c5e9ee6dd3c1) Importer(815301076,1909f56bfc062723c751e8b465ee728b)
Start importing Assets/Boulder.cs using Guid(0819360af48ce1e48b63c5e9ee6dd3c1) Importer(815301076,1909f56bfc062723c751e8b465ee728b)  -> (artifact id: '00000000000000000000000000000000') in 0.000252 seconds
  ERROR: Build asset version error: assets/boulder.cs in SourceAssetDB has modification time of '2022-01-10T18:39:35.95197Z' while content on disk has modification time of '2022-01-11T13:31:00.8556407Z'
  Import took 0.003025 seconds .

========================================================================
Received Import Request.
  Time since last request: 0.014950 seconds.
  path: Assets/Boulder.cs
  artifactKey: Guid(0819360af48ce1e48b63c5e9ee6dd3c1) Importer(815301076,1909f56bfc062723c751e8b465ee728b)
Start importing Assets/Boulder.cs using Guid(0819360af48ce1e48b63c5e9ee6dd3c1) Importer(815301076,1909f56bfc062723c751e8b465ee728b)  -> (artifact id: '00000000000000000000000000000000') in 0.000271 seconds
  ERROR: Build asset version error: assets/boulder.cs in SourceAssetDB has modification time of '2022-01-10T18:39:35.95197Z' while content on disk has modification time of '2022-01-11T13:31:00.8556407Z'
  Import took 0.002934 seconds .

========================================================================
Received Import Request.
  Time since last request: 0.016298 seconds.
  path: Assets/Boulder.cs
  artifactKey: Guid(0819360af48ce1e48b63c5e9ee6dd3c1) Importer(815301076,1909f56bfc062723c751e8b465ee728b)
Start importing Assets/Boulder.cs using Guid(0819360af48ce1e48b63c5e9ee6dd3c1) Importer(815301076,1909f56bfc062723c751e8b465ee728b)  -> (artifact id: '00000000000000000000000000000000') in 0.000272 seconds
  ERROR: Build asset version error: assets/boulder.cs in SourceAssetDB has modification time of '2022-01-10T18:39:35.95197Z' while content on disk has modification time of '2022-01-11T13:31:00.8556407Z'
  Import took 0.002930 seconds .

========================================================================
Received Import Request.
  Time since last request: 0.014926 seconds.
  path: Assets/Boulder.cs
  artifactKey: Guid(0819360af48ce1e48b63c5e9ee6dd3c1) Importer(815301076,1909f56bfc062723c751e8b465ee728b)
Start importing Assets/Boulder.cs using Guid(0819360af48ce1e48b63c5e9ee6dd3c1) Importer(815301076,1909f56bfc062723c751e8b465ee728b)  -> (artifact id: '00000000000000000000000000000000') in 0.000264 seconds
  ERROR: Build asset version error: assets/boulder.cs in SourceAssetDB has modification time of '2022-01-10T18:39:35.95197Z' while content on disk has modification time of '2022-01-11T13:31:00.8556407Z'
  Import took 0.002891 seconds .

========================================================================
Received Import Request.
  Time since last request: 0.021986 seconds.
  path: Assets/Boulder.cs
  artifactKey: Guid(0819360af48ce1e48b63c5e9ee6dd3c1) Importer(815301076,1909f56bfc062723c751e8b465ee728b)
Start importing Assets/Boulder.cs using Guid(0819360af48ce1e48b63c5e9ee6dd3c1) Importer(815301076,1909f56bfc062723c751e8b465ee728b)  -> (artifact id: '00000000000000000000000000000000') in 0.000264 seconds
  ERROR: Build asset version error: assets/boulder.cs in SourceAssetDB has modification time of '2022-01-10T18:39:35.95197Z' while content on disk has modification time of '2022-01-11T13:31:00.8556407Z'
  Import took 0.002906 seconds .

========================================================================
Received Import Request.
  Time since last request: 0.021230 seconds.
  path: Assets/Boulder.cs
  artifactKey: Guid(0819360af48ce1e48b63c5e9ee6dd3c1) Importer(815301076,1909f56bfc062723c751e8b465ee728b)
Start importing Assets/Boulder.cs using Guid(0819360af48ce1e48b63c5e9ee6dd3c1) Importer(815301076,1909f56bfc062723c751e8b465ee728b)  -> (artifact id: '00000000000000000000000000000000') in 0.000268 seconds
  ERROR: Build asset version error: assets/boulder.cs in SourceAssetDB has modification time of '2022-01-10T18:39:35.95197Z' while content on disk has modification time of '2022-01-11T13:31:00.8556407Z'
  Import took 0.002881 seconds .

========================================================================
Received Import Request.
  Time since last request: 0.015885 seconds.
  path: Assets/Boulder.cs
  artifactKey: Guid(0819360af48ce1e48b63c5e9ee6dd3c1) Importer(815301076,1909f56bfc062723c751e8b465ee728b)
Start importing Assets/Boulder.cs using Guid(0819360af48ce1e48b63c5e9ee6dd3c1) Importer(815301076,1909f56bfc062723c751e8b465ee728b)  -> (artifact id: '00000000000000000000000000000000') in 0.000293 seconds
  ERROR: Build asset version error: assets/boulder.cs in SourceAssetDB has modification time of '2022-01-10T18:39:35.95197Z' while content on disk has modification time of '2022-01-11T13:31:00.8556407Z'
  Import took 0.003228 seconds .

========================================================================
Received Import Request.
  Time since last request: 0.020235 seconds.
  path: Assets/Boulder.cs
  artifactKey: Guid(0819360af48ce1e48b63c5e9ee6dd3c1) Importer(815301076,1909f56bfc062723c751e8b465ee728b)
Start importing Assets/Boulder.cs using Guid(0819360af48ce1e48b63c5e9ee6dd3c1) Importer(815301076,1909f56bfc062723c751e8b465ee728b)  -> (artifact id: '00000000000000000000000000000000') in 0.000287 seconds
  ERROR: Build asset version error: assets/boulder.cs in SourceAssetDB has modification time of '2022-01-10T18:39:35.95197Z' while content on disk has modification time of '2022-01-11T13:31:00.8556407Z'
  Import took 0.003115 seconds .

========================================================================
Received Import Request.
  Time since last request: 0.017164 seconds.
  path: Assets/Boulder.cs
  artifactKey: Guid(0819360af48ce1e48b63c5e9ee6dd3c1) Importer(815301076,1909f56bfc062723c751e8b465ee728b)
Start importing Assets/Boulder.cs using Guid(0819360af48ce1e48b63c5e9ee6dd3c1) Importer(815301076,1909f56bfc062723c751e8b465ee728b)  -> (artifact id: '00000000000000000000000000000000') in 0.000277 seconds
  ERROR: Build asset version error: assets/boulder.cs in SourceAssetDB has modification time of '2022-01-10T18:39:35.95197Z' while content on disk has modification time of '2022-01-11T13:31:00.8556407Z'
  Import took 0.002968 seconds .

========================================================================
Received Import Request.
  Time since last request: 0.014742 seconds.
  path: Assets/Boulder.cs
  artifactKey: Guid(0819360af48ce1e48b63c5e9ee6dd3c1) Importer(815301076,1909f56bfc062723c751e8b465ee728b)
Start importing Assets/Boulder.cs using Guid(0819360af48ce1e48b63c5e9ee6dd3c1) Importer(815301076,1909f56bfc062723c751e8b465ee728b)  -> (artifact id: '00000000000000000000000000000000') in 0.000281 seconds
  ERROR: Build asset version error: assets/boulder.cs in SourceAssetDB has modification time of '2022-01-10T18:39:35.95197Z' while content on disk has modification time of '2022-01-11T13:31:00.8556407Z'
  Import took 0.003126 seconds .

========================================================================
Received Import Request.
  Time since last request: 0.019788 seconds.
  path: Assets/Boulder.cs
  artifactKey: Guid(0819360af48ce1e48b63c5e9ee6dd3c1) Importer(815301076,1909f56bfc062723c751e8b465ee728b)
Start importing Assets/Boulder.cs using Guid(0819360af48ce1e48b63c5e9ee6dd3c1) Importer(815301076,1909f56bfc062723c751e8b465ee728b)  -> (artifact id: '00000000000000000000000000000000') in 0.000271 seconds
  ERROR: Build asset version error: assets/boulder.cs in SourceAssetDB has modification time of '2022-01-10T18:39:35.95197Z' while content on disk has modification time of '2022-01-11T13:31:00.8556407Z'
  Import took 0.002980 seconds .

========================================================================
Received Import Request.
  Time since last request: 0.015475 seconds.
  path: Assets/Boulder.cs
  artifactKey: Guid(0819360af48ce1e48b63c5e9ee6dd3c1) Importer(815301076,1909f56bfc062723c751e8b465ee728b)
Start importing Assets/Boulder.cs using Guid(0819360af48ce1e48b63c5e9ee6dd3c1) Importer(815301076,1909f56bfc062723c751e8b465ee728b)  -> (artifact id: '00000000000000000000000000000000') in 0.000274 seconds
  ERROR: Build asset version error: assets/boulder.cs in SourceAssetDB has modification time of '2022-01-10T18:39:35.95197Z' while content on disk has modification time of '2022-01-11T13:31:00.8556407Z'
  Import took 0.002987 seconds .

========================================================================
Received Import Request.
  Time since last request: 0.015208 seconds.
  path: Assets/Boulder.cs
  artifactKey: Guid(0819360af48ce1e48b63c5e9ee6dd3c1) Importer(815301076,1909f56bfc062723c751e8b465ee728b)
Start importing Assets/Boulder.cs using Guid(0819360af48ce1e48b63c5e9ee6dd3c1) Importer(815301076,1909f56bfc062723c751e8b465ee728b)  -> (artifact id: '00000000000000000000000000000000') in 0.000276 seconds
  ERROR: Build asset version error: assets/boulder.cs in SourceAssetDB has modification time of '2022-01-10T18:39:35.95197Z' while content on disk has modification time of '2022-01-11T13:31:00.8556407Z'
  Import took 0.002958 seconds .

========================================================================
Received Import Request.
  Time since last request: 0.020041 seconds.
  path: Assets/Boulder.cs
  artifactKey: Guid(0819360af48ce1e48b63c5e9ee6dd3c1) Importer(815301076,1909f56bfc062723c751e8b465ee728b)
Start importing Assets/Boulder.cs using Guid(0819360af48ce1e48b63c5e9ee6dd3c1) Importer(815301076,1909f56bfc062723c751e8b465ee728b)  -> (artifact id: '00000000000000000000000000000000') in 0.000287 seconds
  ERROR: Build asset version error: assets/boulder.cs in SourceAssetDB has modification time of '2022-01-10T18:39:35.95197Z' while content on disk has modification time of '2022-01-11T13:31:00.8556407Z'
  Import took 0.002981 seconds .

========================================================================
Received Import Request.
  Time since last request: 0.016682 seconds.
  path: Assets/Boulder.cs
  artifactKey: Guid(0819360af48ce1e48b63c5e9ee6dd3c1) Importer(815301076,1909f56bfc062723c751e8b465ee728b)
Start importing Assets/Boulder.cs using Guid(0819360af48ce1e48b63c5e9ee6dd3c1) Importer(815301076,1909f56bfc062723c751e8b465ee728b)  -> (artifact id: '00000000000000000000000000000000') in 0.000276 seconds
  ERROR: Build asset version error: assets/boulder.cs in SourceAssetDB has modification time of '2022-01-10T18:39:35.95197Z' while content on disk has modification time of '2022-01-11T13:31:00.8556407Z'
  Import took 0.002891 seconds .

========================================================================
Received Import Request.
  Time since last request: 0.015599 seconds.
  path: Assets/Boulder.cs
  artifactKey: Guid(0819360af48ce1e48b63c5e9ee6dd3c1) Importer(815301076,1909f56bfc062723c751e8b465ee728b)
Start importing Assets/Boulder.cs using Guid(0819360af48ce1e48b63c5e9ee6dd3c1) Importer(815301076,1909f56bfc062723c751e8b465ee728b)  -> (artifact id: '00000000000000000000000000000000') in 0.000274 seconds
  ERROR: Build asset version error: assets/boulder.cs in SourceAssetDB has modification time of '2022-01-10T18:39:35.95197Z' while content on disk has modification time of '2022-01-11T13:31:00.8556407Z'
  Import took 0.002917 seconds .

========================================================================
Received Import Request.
  Time since last request: 0.020202 seconds.
  path: Assets/Boulder.cs
  artifactKey: Guid(0819360af48ce1e48b63c5e9ee6dd3c1) Importer(815301076,1909f56bfc062723c751e8b465ee728b)
Start importing Assets/Boulder.cs using Guid(0819360af48ce1e48b63c5e9ee6dd3c1) Importer(815301076,1909f56bfc062723c751e8b465ee728b)  -> (artifact id: '00000000000000000000000000000000') in 0.000263 seconds
  ERROR: Build asset version error: assets/boulder.cs in SourceAssetDB has modification time of '2022-01-10T18:39:35.95197Z' while content on disk has modification time of '2022-01-11T13:31:00.8556407Z'
  Import took 0.003114 seconds .

========================================================================
Received Import Request.
  Time since last request: 0.015436 seconds.
  path: Assets/Boulder.cs
  artifactKey: Guid(0819360af48ce1e48b63c5e9ee6dd3c1) Importer(815301076,1909f56bfc062723c751e8b465ee728b)
Start importing Assets/Boulder.cs using Guid(0819360af48ce1e48b63c5e9ee6dd3c1) Importer(815301076,1909f56bfc062723c751e8b465ee728b)  -> (artifact id: '00000000000000000000000000000000') in 0.000278 seconds
  ERROR: Build asset version error: assets/boulder.cs in SourceAssetDB has modification time of '2022-01-10T18:39:35.95197Z' while content on disk has modification time of '2022-01-11T13:31:00.8556407Z'
  Import took 0.003061 seconds .

========================================================================
Received Import Request.
  Time since last request: 0.015351 seconds.
  path: Assets/Boulder.cs
  artifactKey: Guid(0819360af48ce1e48b63c5e9ee6dd3c1) Importer(815301076,1909f56bfc062723c751e8b465ee728b)
Start importing Assets/Boulder.cs using Guid(0819360af48ce1e48b63c5e9ee6dd3c1) Importer(815301076,1909f56bfc062723c751e8b465ee728b)  -> (artifact id: '00000000000000000000000000000000') in 0.000269 seconds
  ERROR: Build asset version error: assets/boulder.cs in SourceAssetDB has modification time of '2022-01-10T18:39:35.95197Z' while content on disk has modification time of '2022-01-11T13:31:00.8556407Z'
  Import took 0.002922 seconds .

========================================================================
Received Import Request.
  Time since last request: 0.019872 seconds.
  path: Assets/Boulder.cs
  artifactKey: Guid(0819360af48ce1e48b63c5e9ee6dd3c1) Importer(815301076,1909f56bfc062723c751e8b465ee728b)
Start importing Assets/Boulder.cs using Guid(0819360af48ce1e48b63c5e9ee6dd3c1) Importer(815301076,1909f56bfc062723c751e8b465ee728b)  -> (artifact id: '00000000000000000000000000000000') in 0.000272 seconds
  ERROR: Build asset version error: assets/boulder.cs in SourceAssetDB has modification time of '2022-01-10T18:39:35.95197Z' while content on disk has modification time of '2022-01-11T13:31:00.8556407Z'
  Import took 0.002869 seconds .

========================================================================
Received Import Request.
  Time since last request: 0.016918 seconds.
  path: Assets/Boulder.cs
  artifactKey: Guid(0819360af48ce1e48b63c5e9ee6dd3c1) Importer(815301076,1909f56bfc062723c751e8b465ee728b)
Start importing Assets/Boulder.cs using Guid(0819360af48ce1e48b63c5e9ee6dd3c1) Importer(815301076,1909f56bfc062723c751e8b465ee728b)  -> (artifact id: '00000000000000000000000000000000') in 0.000277 seconds
  ERROR: Build asset version error: assets/boulder.cs in SourceAssetDB has modification time of '2022-01-10T18:39:35.95197Z' while content on disk has modification time of '2022-01-11T13:31:00.8556407Z'
  Import took 0.002922 seconds .

========================================================================
Received Import Request.
  Time since last request: 0.014899 seconds.
  path: Assets/Boulder.cs
  artifactKey: Guid(0819360af48ce1e48b63c5e9ee6dd3c1) Importer(815301076,1909f56bfc062723c751e8b465ee728b)
Start importing Assets/Boulder.cs using Guid(0819360af48ce1e48b63c5e9ee6dd3c1) Importer(815301076,1909f56bfc062723c751e8b465ee728b)  -> (artifact id: '00000000000000000000000000000000') in 0.000274 seconds
  ERROR: Build asset version error: assets/boulder.cs in SourceAssetDB has modification time of '2022-01-10T18:39:35.95197Z' while content on disk has modification time of '2022-01-11T13:31:00.8556407Z'
  Import took 0.002936 seconds .

========================================================================
Received Import Request.
  Time since last request: 0.019533 seconds.
  path: Assets/Boulder.cs
  artifactKey: Guid(0819360af48ce1e48b63c5e9ee6dd3c1) Importer(815301076,1909f56bfc062723c751e8b465ee728b)
Start importing Assets/Boulder.cs using Guid(0819360af48ce1e48b63c5e9ee6dd3c1) Importer(815301076,1909f56bfc062723c751e8b465ee728b)  -> (artifact id: '00000000000000000000000000000000') in 0.000304 seconds
  ERROR: Build asset version error: assets/boulder.cs in SourceAssetDB has modification time of '2022-01-10T18:39:35.95197Z' while content on disk has modification time of '2022-01-11T13:31:00.8556407Z'
  Import took 0.003278 seconds .

========================================================================
Received Import Request.
  Time since last request: 0.015983 seconds.
  path: Assets/Boulder.cs
  artifactKey: Guid(0819360af48ce1e48b63c5e9ee6dd3c1) Importer(815301076,1909f56bfc062723c751e8b465ee728b)
Start importing Assets/Boulder.cs using Guid(0819360af48ce1e48b63c5e9ee6dd3c1) Importer(815301076,1909f56bfc062723c751e8b465ee728b)  -> (artifact id: '00000000000000000000000000000000') in 0.000271 seconds
  ERROR: Build asset version error: assets/boulder.cs in SourceAssetDB has modification time of '2022-01-10T18:39:35.95197Z' while content on disk has modification time of '2022-01-11T13:31:00.8556407Z'
  Import took 0.002911 seconds .

========================================================================
Received Import Request.
  Time since last request: 0.015250 seconds.
  path: Assets/Boulder.cs
  artifactKey: Guid(0819360af48ce1e48b63c5e9ee6dd3c1) Importer(815301076,1909f56bfc062723c751e8b465ee728b)
Start importing Assets/Boulder.cs using Guid(0819360af48ce1e48b63c5e9ee6dd3c1) Importer(815301076,1909f56bfc062723c751e8b465ee728b)  -> (artifact id: '00000000000000000000000000000000') in 0.000281 seconds
  ERROR: Build asset version error: assets/boulder.cs in SourceAssetDB has modification time of '2022-01-10T18:39:35.95197Z' while content on disk has modification time of '2022-01-11T13:31:00.8556407Z'
  Import took 0.003083 seconds .

========================================================================
Received Import Request.
  Time since last request: 0.023174 seconds.
  path: Assets/Boulder.cs
  artifactKey: Guid(0819360af48ce1e48b63c5e9ee6dd3c1) Importer(815301076,1909f56bfc062723c751e8b465ee728b)
Start importing Assets/Boulder.cs using Guid(0819360af48ce1e48b63c5e9ee6dd3c1) Importer(815301076,1909f56bfc062723c751e8b465ee728b)  -> (artifact id: '00000000000000000000000000000000') in 0.000275 seconds
  ERROR: Build asset version error: assets/boulder.cs in SourceAssetDB has modification time of '2022-01-10T18:39:35.95197Z' while content on disk has modification time of '2022-01-11T13:31:00.8556407Z'
  Import took 0.002978 seconds .

========================================================================
Received Import Request.
  Time since last request: 0.014886 seconds.
  path: Assets/Boulder.cs
  artifactKey: Guid(0819360af48ce1e48b63c5e9ee6dd3c1) Importer(815301076,1909f56bfc062723c751e8b465ee728b)
Start importing Assets/Boulder.cs using Guid(0819360af48ce1e48b63c5e9ee6dd3c1) Importer(815301076,1909f56bfc062723c751e8b465ee728b)  -> (artifact id: '00000000000000000000000000000000') in 0.000307 seconds
  ERROR: Build asset version error: assets/boulder.cs in SourceAssetDB has modification time of '2022-01-10T18:39:35.95197Z' while content on disk has modification time of '2022-01-11T13:31:00.8556407Z'
  Import took 0.003168 seconds .

========================================================================
Received Import Request.
  Time since last request: 0.015312 seconds.
  path: Assets/Boulder.cs
  artifactKey: Guid(0819360af48ce1e48b63c5e9ee6dd3c1) Importer(815301076,1909f56bfc062723c751e8b465ee728b)
Start importing Assets/Boulder.cs using Guid(0819360af48ce1e48b63c5e9ee6dd3c1) Importer(815301076,1909f56bfc062723c751e8b465ee728b)  -> (artifact id: '00000000000000000000000000000000') in 0.000274 seconds
  ERROR: Build asset version error: assets/boulder.cs in SourceAssetDB has modification time of '2022-01-10T18:39:35.95197Z' while content on disk has modification time of '2022-01-11T13:31:00.8556407Z'
  Import took 0.002935 seconds .

========================================================================
Received Import Request.
  Time since last request: 0.019859 seconds.
  path: Assets/Boulder.cs
  artifactKey: Guid(0819360af48ce1e48b63c5e9ee6dd3c1) Importer(815301076,1909f56bfc062723c751e8b465ee728b)
Start importing Assets/Boulder.cs using Guid(0819360af48ce1e48b63c5e9ee6dd3c1) Importer(815301076,1909f56bfc062723c751e8b465ee728b)  -> (artifact id: '00000000000000000000000000000000') in 0.000322 seconds
  ERROR: Build asset version error: assets/boulder.cs in SourceAssetDB has modification time of '2022-01-10T18:39:35.95197Z' while content on disk has modification time of '2022-01-11T13:31:00.8556407Z'
  Import took 0.003232 seconds .

========================================================================
Received Import Request.
  Time since last request: 0.019356 seconds.
  path: Assets/Boulder.cs
  artifactKey: Guid(0819360af48ce1e48b63c5e9ee6dd3c1) Importer(815301076,1909f56bfc062723c751e8b465ee728b)
Start importing Assets/Boulder.cs using Guid(0819360af48ce1e48b63c5e9ee6dd3c1) Importer(815301076,1909f56bfc062723c751e8b465ee728b)  -> (artifact id: '00000000000000000000000000000000') in 0.000322 seconds
  ERROR: Build asset version error: assets/boulder.cs in SourceAssetDB has modification time of '2022-01-10T18:39:35.95197Z' while content on disk has modification time of '2022-01-11T13:31:00.8556407Z'
  Import took 0.003508 seconds .

========================================================================
Received Prepare
Registering precompiled user dll's ...
Registered in 0.000827 seconds.
Begin MonoManager ReloadAssembly
Native extension for WindowsStandalone target not found
Refreshing native plugins compatible for Editor in 0.61 ms, found 1 plugins.
Preloading 0 native plugins for Editor in 0.00 ms.
Invoked RoslynAnalysisRunner static constructor.
RoslynAnalysisRunner will not be running.
RoslynAnalysisRunner has terminated.
Mono: successfully reloaded assembly
- Completed reload, in  0.999 seconds
Platform modules already initialized, skipping
Switching build target platform(5) subTarget(0) extendedPlatform(0) -> platform(13) subTarget(537395200) extendedPlatform(0)
Refreshing native plugins compatible for Editor in 0.41 ms, found 1 plugins.
Preloading 0 native plugins for Editor in 0.00 ms.
Unloading 1809 Unused Serialized files (Serialized files now loaded: 0)
System memory in use before: 84.7 MB.
System memory in use after: 84.7 MB.

Unloading 12 unused Assets to reduce memory usage. Loaded Objects now: 2258.
Total: 2.338461 ms (FindLiveObjects: 0.212558 ms CreateObjectMapping: 0.049052 ms MarkObjects: 1.951176 ms  DeleteObjects: 0.124714 ms)

AssetImportParameters requested are different than current active one (requested -> active):
  custom:graphics/normal-map-encoding: 01000000000000000000000000000000 -> 02000000000000000000000000000000
========================================================================
Received Import Request.
  Time since last request: 5.084773 seconds.
  path: Assets/Boulder.cs
  artifactKey: Guid(0819360af48ce1e48b63c5e9ee6dd3c1) Importer(815301076,1909f56bfc062723c751e8b465ee728b)
Start importing Assets/Boulder.cs using Guid(0819360af48ce1e48b63c5e9ee6dd3c1) Importer(815301076,1909f56bfc062723c751e8b465ee728b)  -> (artifact id: '27b2cc20fd130ea66310167e37806ff6') in 0.004903 seconds
  Import took 0.007999 seconds .

========================================================================
Received Prepare
Registering precompiled user dll's ...
Registered in 0.000894 seconds.
Begin MonoManager ReloadAssembly
Native extension for WindowsStandalone target not found
Refreshing native plugins compatible for Editor in 0.44 ms, found 1 plugins.
Preloading 0 native plugins for Editor in 0.00 ms.
Invoked RoslynAnalysisRunner static constructor.
RoslynAnalysisRunner will not be running.
RoslynAnalysisRunner has terminated.
Mono: successfully reloaded assembly
- Completed reload, in  0.921 seconds
Platform modules already initialized, skipping
Switching build target platform(5) subTarget(0) extendedPlatform(0) -> platform(13) subTarget(537395200) extendedPlatform(0)
Refreshing native plugins compatible for Editor in 0.39 ms, found 1 plugins.
Preloading 0 native plugins for Editor in 0.00 ms.
Unloading 1810 Unused Serialized files (Serialized files now loaded: 0)
System memory in use before: 84.8 MB.
System memory in use after: 84.7 MB.

Unloading 12 unused Assets to reduce memory usage. Loaded Objects now: 2263.
Total: 2.446824 ms (FindLiveObjects: 0.233397 ms CreateObjectMapping: 0.048411 ms MarkObjects: 2.003113 ms  DeleteObjects: 0.160942 ms)

AssetImportParameters requested are different than current active one (requested -> active):
  custom:graphics/normal-map-encoding: 01000000000000000000000000000000 -> 02000000000000000000000000000000
========================================================================
Received Prepare
Registering precompiled user dll's ...
Registered in 0.000833 seconds.
Begin MonoManager ReloadAssembly
Native extension for WindowsStandalone target not found
Refreshing native plugins compatible for Editor in 0.41 ms, found 1 plugins.
Preloading 0 native plugins for Editor in 0.00 ms.
Invoked RoslynAnalysisRunner static constructor.
RoslynAnalysisRunner will not be running.
RoslynAnalysisRunner has terminated.
Mono: successfully reloaded assembly
- Completed reload, in  0.897 seconds
Platform modules already initialized, skipping
Switching build target platform(5) subTarget(0) extendedPlatform(0) -> platform(13) subTarget(537395200) extendedPlatform(0)
Refreshing native plugins compatible for Editor in 0.39 ms, found 1 plugins.
Preloading 0 native plugins for Editor in 0.00 ms.
Unloading 1810 Unused Serialized files (Serialized files now loaded: 0)
System memory in use before: 84.8 MB.
System memory in use after: 84.8 MB.

Unloading 12 unused Assets to reduce memory usage. Loaded Objects now: 2267.
Total: 2.401620 ms (FindLiveObjects: 0.222176 ms CreateObjectMapping: 0.048731 ms MarkObjects: 1.984518 ms  DeleteObjects: 0.145232 ms)

AssetImportParameters requested are different than current active one (requested -> active):
  custom:graphics/normal-map-encoding: 01000000000000000000000000000000 -> 02000000000000000000000000000000
========================================================================
Received Prepare
Registering precompiled user dll's ...
Registered in 0.000980 seconds.
Begin MonoManager ReloadAssembly
Native extension for WindowsStandalone target not found
Refreshing native plugins compatible for Editor in 0.44 ms, found 1 plugins.
Preloading 0 native plugins for Editor in 0.00 ms.
Invoked RoslynAnalysisRunner static constructor.
RoslynAnalysisRunner will not be running.
RoslynAnalysisRunner has terminated.
Mono: successfully reloaded assembly
- Completed reload, in  0.898 seconds
Platform modules already initialized, skipping
Switching build target platform(5) subTarget(0) extendedPlatform(0) -> platform(13) subTarget(537395200) extendedPlatform(0)
Refreshing native plugins compatible for Editor in 0.44 ms, found 1 plugins.
Preloading 0 native plugins for Editor in 0.00 ms.
Unloading 1810 Unused Serialized files (Serialized files now loaded: 0)
System memory in use before: 84.8 MB.
System memory in use after: 84.8 MB.

Unloading 12 unused Assets to reduce memory usage. Loaded Objects now: 2271.
Total: 2.552943 ms (FindLiveObjects: 0.219932 ms CreateObjectMapping: 0.049373 ms MarkObjects: 2.146101 ms  DeleteObjects: 0.136576 ms)

AssetImportParameters requested are different than current active one (requested -> active):
  custom:graphics/normal-map-encoding: 01000000000000000000000000000000 -> 02000000000000000000000000000000
========================================================================
Received Prepare
Registering precompiled user dll's ...
Registered in 0.000882 seconds.
Begin MonoManager ReloadAssembly
Native extension for WindowsStandalone target not found
Refreshing native plugins compatible for Editor in 0.39 ms, found 1 plugins.
Preloading 0 native plugins for Editor in 0.00 ms.
Invoked RoslynAnalysisRunner static constructor.
RoslynAnalysisRunner will not be running.
RoslynAnalysisRunner has terminated.
Mono: successfully reloaded assembly
- Completed reload, in  0.900 seconds
Platform modules already initialized, skipping
Switching build target platform(5) subTarget(0) extendedPlatform(0) -> platform(13) subTarget(537395200) extendedPlatform(0)
Refreshing native plugins compatible for Editor in 0.40 ms, found 1 plugins.
Preloading 0 native plugins for Editor in 0.00 ms.
Unloading 1810 Unused Serialized files (Serialized files now loaded: 0)
System memory in use before: 84.8 MB.
System memory in use after: 84.8 MB.

Unloading 12 unused Assets to reduce memory usage. Loaded Objects now: 2275.
Total: 2.271135 ms (FindLiveObjects: 0.208070 ms CreateObjectMapping: 0.049373 ms MarkObjects: 1.891865 ms  DeleteObjects: 0.121187 ms)

AssetImportParameters requested are different than current active one (requested -> active):
  custom:graphics/normal-map-encoding: 01000000000000000000000000000000 -> 02000000000000000000000000000000
========================================================================
Received Prepare
Registering precompiled user dll's ...
Registered in 0.000877 seconds.
Begin MonoManager ReloadAssembly
Native extension for WindowsStandalone target not found
Refreshing native plugins compatible for Editor in 0.41 ms, found 1 plugins.
Preloading 0 native plugins for Editor in 0.00 ms.
Invoked RoslynAnalysisRunner static constructor.
RoslynAnalysisRunner will not be running.
RoslynAnalysisRunner has terminated.
Mono: successfully reloaded assembly
- Completed reload, in  0.905 seconds
Platform modules already initialized, skipping
Switching build target platform(5) subTarget(0) extendedPlatform(0) -> platform(13) subTarget(537395200) extendedPlatform(0)
Refreshing native plugins compatible for Editor in 0.39 ms, found 1 plugins.
Preloading 0 native plugins for Editor in 0.00 ms.
Unloading 1810 Unused Serialized files (Serialized files now loaded: 0)
System memory in use before: 84.8 MB.
System memory in use after: 84.8 MB.

Unloading 12 unused Assets to reduce memory usage. Loaded Objects now: 2279.
Total: 2.418291 ms (FindLiveObjects: 0.215123 ms CreateObjectMapping: 0.049052 ms MarkObjects: 2.020746 ms  DeleteObjects: 0.132729 ms)

AssetImportParameters requested are different than current active one (requested -> active):
  custom:graphics/normal-map-encoding: 01000000000000000000000000000000 -> 02000000000000000000000000000000
========================================================================
Received Prepare
Registering precompiled user dll's ...
Registered in 0.000890 seconds.
Begin MonoManager ReloadAssembly
Native extension for WindowsStandalone target not found
Refreshing native plugins compatible for Editor in 0.41 ms, found 1 plugins.
Preloading 0 native plugins for Editor in 0.00 ms.
Invoked RoslynAnalysisRunner static constructor.
RoslynAnalysisRunner will not be running.
RoslynAnalysisRunner has terminated.
Mono: successfully reloaded assembly
- Completed reload, in  0.898 seconds
Platform modules already initialized, skipping
Switching build target platform(5) subTarget(0) extendedPlatform(0) -> platform(13) subTarget(537395200) extendedPlatform(0)
Refreshing native plugins compatible for Editor in 0.40 ms, found 1 plugins.
Preloading 0 native plugins for Editor in 0.00 ms.
Unloading 1810 Unused Serialized files (Serialized files now loaded: 0)
System memory in use before: 84.8 MB.
System memory in use after: 84.8 MB.

Unloading 12 unused Assets to reduce memory usage. Loaded Objects now: 2283.
Total: 2.398093 ms (FindLiveObjects: 0.209032 ms CreateObjectMapping: 0.050976 ms MarkObjects: 1.972977 ms  DeleteObjects: 0.163506 ms)

AssetImportParameters requested are different than current active one (requested -> active):
  custom:graphics/normal-map-encoding: 01000000000000000000000000000000 -> 02000000000000000000000000000000
========================================================================
Received Prepare
Registering precompiled user dll's ...
Registered in 0.001072 seconds.
Begin MonoManager ReloadAssembly
Native extension for WindowsStandalone target not found
Refreshing native plugins compatible for Editor in 0.39 ms, found 1 plugins.
Preloading 0 native plugins for Editor in 0.00 ms.
Invoked RoslynAnalysisRunner static constructor.
RoslynAnalysisRunner will not be running.
RoslynAnalysisRunner has terminated.
Mono: successfully reloaded assembly
- Completed reload, in  0.913 seconds
Platform modules already initialized, skipping
Switching build target platform(5) subTarget(0) extendedPlatform(0) -> platform(13) subTarget(537395200) extendedPlatform(0)
Refreshing native plugins compatible for Editor in 0.40 ms, found 1 plugins.
Preloading 0 native plugins for Editor in 0.00 ms.
Unloading 1810 Unused Serialized files (Serialized files now loaded: 0)
System memory in use before: 84.9 MB.
System memory in use after: 84.8 MB.

Unloading 12 unused Assets to reduce memory usage. Loaded Objects now: 2287.
Total: 2.308966 ms (FindLiveObjects: 0.224741 ms CreateObjectMapping: 0.050014 ms MarkObjects: 1.906933 ms  DeleteObjects: 0.126317 ms)

AssetImportParameters requested are different than current active one (requested -> active):
  custom:graphics/normal-map-encoding: 01000000000000000000000000000000 -> 02000000000000000000000000000000
========================================================================
Received Prepare
Registering precompiled user dll's ...
Registered in 0.000831 seconds.
Begin MonoManager ReloadAssembly
Native extension for WindowsStandalone target not found
Refreshing native plugins compatible for Editor in 0.40 ms, found 1 plugins.
Preloading 0 native plugins for Editor in 0.00 ms.
Invoked RoslynAnalysisRunner static constructor.
RoslynAnalysisRunner will not be running.
RoslynAnalysisRunner has terminated.
Mono: successfully reloaded assembly
- Completed reload, in  0.905 seconds
Platform modules already initialized, skipping
Switching build target platform(5) subTarget(0) extendedPlatform(0) -> platform(13) subTarget(537395200) extendedPlatform(0)
Refreshing native plugins compatible for Editor in 0.42 ms, found 1 plugins.
Preloading 0 native plugins for Editor in 0.00 ms.
Unloading 1810 Unused Serialized files (Serialized files now loaded: 0)
System memory in use before: 84.9 MB.
System memory in use after: 84.9 MB.

Unloading 12 unused Assets to reduce memory usage. Loaded Objects now: 2291.
Total: 2.282356 ms (FindLiveObjects: 0.212879 ms CreateObjectMapping: 0.048411 ms MarkObjects: 1.893147 ms  DeleteObjects: 0.127599 ms)

AssetImportParameters requested are different than current active one (requested -> active):
  custom:graphics/normal-map-encoding: 01000000000000000000000000000000 -> 02000000000000000000000000000000
========================================================================
Received Prepare
Registering precompiled user dll's ...
Registered in 0.000828 seconds.
Begin MonoManager ReloadAssembly
Native extension for WindowsStandalone target not found
Refreshing native plugins compatible for Editor in 0.42 ms, found 1 plugins.
Preloading 0 native plugins for Editor in 0.00 ms.
Invoked RoslynAnalysisRunner static constructor.
RoslynAnalysisRunner will not be running.
RoslynAnalysisRunner has terminated.
Mono: successfully reloaded assembly
- Completed reload, in  0.904 seconds
Platform modules already initialized, skipping
Switching build target platform(5) subTarget(0) extendedPlatform(0) -> platform(13) subTarget(537395200) extendedPlatform(0)
Refreshing native plugins compatible for Editor in 0.39 ms, found 1 plugins.
Preloading 0 native plugins for Editor in 0.00 ms.
Unloading 1810 Unused Serialized files (Serialized files now loaded: 0)
System memory in use before: 84.9 MB.
System memory in use after: 84.9 MB.

Unloading 12 unused Assets to reduce memory usage. Loaded Objects now: 2295.
Total: 2.242602 ms (FindLiveObjects: 0.230512 ms CreateObjectMapping: 0.058029 ms MarkObjects: 1.825821 ms  DeleteObjects: 0.126958 ms)

AssetImportParameters requested are different than current active one (requested -> active):
  custom:graphics/normal-map-encoding: 01000000000000000000000000000000 -> 02000000000000000000000000000000
========================================================================
Received Prepare
Registering precompiled user dll's ...
Registered in 0.000850 seconds.
Begin MonoManager ReloadAssembly
Native extension for WindowsStandalone target not found
Refreshing native plugins compatible for Editor in 0.39 ms, found 1 plugins.
Preloading 0 native plugins for Editor in 0.00 ms.
Invoked RoslynAnalysisRunner static constructor.
RoslynAnalysisRunner will not be running.
RoslynAnalysisRunner has terminated.
Mono: successfully reloaded assembly
- Completed reload, in  0.904 seconds
Platform modules already initialized, skipping
Switching build target platform(5) subTarget(0) extendedPlatform(0) -> platform(13) subTarget(537395200) extendedPlatform(0)
Refreshing native plugins compatible for Editor in 0.40 ms, found 1 plugins.
Preloading 0 native plugins for Editor in 0.00 ms.
Unloading 1810 Unused Serialized files (Serialized files now loaded: 0)
System memory in use before: 84.9 MB.
System memory in use after: 84.9 MB.

Unloading 12 unused Assets to reduce memory usage. Loaded Objects now: 2299.
Total: 2.408032 ms (FindLiveObjects: 0.233077 ms CreateObjectMapping: 0.048731 ms MarkObjects: 1.989327 ms  DeleteObjects: 0.135614 ms)

AssetImportParameters requested are different than current active one (requested -> active):
  custom:graphics/normal-map-encoding: 01000000000000000000000000000000 -> 02000000000000000000000000000000
========================================================================
Received Prepare
Registering precompiled user dll's ...
Registered in 0.000861 seconds.
Begin MonoManager ReloadAssembly
Native extension for WindowsStandalone target not found
Refreshing native plugins compatible for Editor in 0.42 ms, found 1 plugins.
Preloading 0 native plugins for Editor in 0.00 ms.
Invoked RoslynAnalysisRunner static constructor.
RoslynAnalysisRunner will not be running.
RoslynAnalysisRunner has terminated.
Mono: successfully reloaded assembly
- Completed reload, in  0.901 seconds
Platform modules already initialized, skipping
Switching build target platform(5) subTarget(0) extendedPlatform(0) -> platform(13) subTarget(537395200) extendedPlatform(0)
Refreshing native plugins compatible for Editor in 0.39 ms, found 1 plugins.
Preloading 0 native plugins for Editor in 0.00 ms.
Unloading 1810 Unused Serialized files (Serialized files now loaded: 0)
System memory in use before: 84.9 MB.
System memory in use after: 84.9 MB.

Unloading 12 unused Assets to reduce memory usage. Loaded Objects now: 2303.
Total: 2.233304 ms (FindLiveObjects: 0.226985 ms CreateObjectMapping: 0.057708 ms MarkObjects: 1.822935 ms  DeleteObjects: 0.124393 ms)

AssetImportParameters requested are different than current active one (requested -> active):
  custom:graphics/normal-map-encoding: 01000000000000000000000000000000 -> 02000000000000000000000000000000
========================================================================
Received Prepare
Registering precompiled user dll's ...
Registered in 0.001041 seconds.
Begin MonoManager ReloadAssembly
Native extension for WindowsStandalone target not found
Refreshing native plugins compatible for Editor in 0.39 ms, found 1 plugins.
Preloading 0 native plugins for Editor in 0.00 ms.
Invoked RoslynAnalysisRunner static constructor.
RoslynAnalysisRunner will not be running.
RoslynAnalysisRunner has terminated.
Mono: successfully reloaded assembly
- Completed reload, in  0.936 seconds
Platform modules already initialized, skipping
Switching build target platform(5) subTarget(0) extendedPlatform(0) -> platform(13) subTarget(537395200) extendedPlatform(0)
Refreshing native plugins compatible for Editor in 0.39 ms, found 1 plugins.
Preloading 0 native plugins for Editor in 0.00 ms.
Unloading 1810 Unused Serialized files (Serialized files now loaded: 0)
System memory in use before: 84.9 MB.
System memory in use after: 84.9 MB.

Unloading 12 unused Assets to reduce memory usage. Loaded Objects now: 2307.
Total: 2.262158 ms (FindLiveObjects: 0.218970 ms CreateObjectMapping: 0.050655 ms MarkObjects: 1.866858 ms  DeleteObjects: 0.124714 ms)

AssetImportParameters requested are different than current active one (requested -> active):
  custom:graphics/normal-map-encoding: 01000000000000000000000000000000 -> 02000000000000000000000000000000
========================================================================
Received Prepare
Refreshing native plugins compatible for Editor in 1.86 ms, found 1 plugins.
Preloading 0 native plugins for Editor in 0.00 ms.
Unloading 10 Unused Serialized files (Serialized files now loaded: 0)
System memory in use before: 49.4 MB.
System memory in use after: 49.4 MB.

Unloading 10 unused Assets to reduce memory usage. Loaded Objects now: 2307.
Total: 2.359621 ms (FindLiveObjects: 0.234038 ms CreateObjectMapping: 0.050655 ms MarkObjects: 1.936428 ms  DeleteObjects: 0.136896 ms)

========================================================================
Received Prepare
Registering precompiled user dll's ...
Registered in 0.000814 seconds.
Begin MonoManager ReloadAssembly
Native extension for WindowsStandalone target not found
Refreshing native plugins compatible for Editor in 0.46 ms, found 1 plugins.
Preloading 0 native plugins for Editor in 0.00 ms.
Invoked RoslynAnalysisRunner static constructor.
RoslynAnalysisRunner will not be running.
RoslynAnalysisRunner has terminated.
Mono: successfully reloaded assembly
- Completed reload, in  0.940 seconds
Platform modules already initialized, skipping
Switching build target platform(5) subTarget(0) extendedPlatform(0) -> platform(13) subTarget(537395200) extendedPlatform(0)
Refreshing native plugins compatible for Editor in 0.39 ms, found 1 plugins.
Preloading 0 native plugins for Editor in 0.00 ms.
Unloading 1810 Unused Serialized files (Serialized files now loaded: 0)
System memory in use before: 84.9 MB.
System memory in use after: 84.9 MB.

Unloading 12 unused Assets to reduce memory usage. Loaded Objects now: 2311.
Total: 2.423100 ms (FindLiveObjects: 0.236603 ms CreateObjectMapping: 0.058991 ms MarkObjects: 1.991892 ms  DeleteObjects: 0.134332 ms)

AssetImportParameters requested are different than current active one (requested -> active):
  custom:graphics/normal-map-encoding: 01000000000000000000000000000000 -> 02000000000000000000000000000000
========================================================================
Received Prepare
Registering precompiled user dll's ...
Registered in 0.000835 seconds.
Begin MonoManager ReloadAssembly
Native extension for WindowsStandalone target not found
Refreshing native plugins compatible for Editor in 0.42 ms, found 1 plugins.
Preloading 0 native plugins for Editor in 0.00 ms.
Invoked RoslynAnalysisRunner static constructor.
RoslynAnalysisRunner will not be running.
RoslynAnalysisRunner has terminated.
Mono: successfully reloaded assembly
- Completed reload, in  0.925 seconds
Platform modules already initialized, skipping
Switching build target platform(5) subTarget(0) extendedPlatform(0) -> platform(13) subTarget(537395200) extendedPlatform(0)
Refreshing native plugins compatible for Editor in 0.41 ms, found 1 plugins.
Preloading 0 native plugins for Editor in 0.00 ms.
Unloading 1810 Unused Serialized files (Serialized files now loaded: 0)
System memory in use before: 84.9 MB.
System memory in use after: 84.9 MB.

Unloading 12 unused Assets to reduce memory usage. Loaded Objects now: 2315.
Total: 2.292615 ms (FindLiveObjects: 0.221856 ms CreateObjectMapping: 0.049373 ms MarkObjects: 1.896994 ms  DeleteObjects: 0.123431 ms)

AssetImportParameters requested are different than current active one (requested -> active):
  custom:graphics/normal-map-encoding: 01000000000000000000000000000000 -> 02000000000000000000000000000000
========================================================================
Received Prepare
Refreshing native plugins compatible for Editor in 1.65 ms, found 1 plugins.
Preloading 0 native plugins for Editor in 0.00 ms.
Unloading 10 Unused Serialized files (Serialized files now loaded: 0)
System memory in use before: 49.4 MB.
System memory in use after: 49.4 MB.

Unloading 10 unused Assets to reduce memory usage. Loaded Objects now: 2315.
Total: 2.276265 ms (FindLiveObjects: 0.231474 ms CreateObjectMapping: 0.050014 ms MarkObjects: 1.858522 ms  DeleteObjects: 0.135614 ms)

========================================================================
Received Prepare
Registering precompiled user dll's ...
Registered in 0.000866 seconds.
Begin MonoManager ReloadAssembly
Native extension for WindowsStandalone target not found
Refreshing native plugins compatible for Editor in 0.41 ms, found 1 plugins.
Preloading 0 native plugins for Editor in 0.00 ms.
Invoked RoslynAnalysisRunner static constructor.
RoslynAnalysisRunner will not be running.
RoslynAnalysisRunner has terminated.
Mono: successfully reloaded assembly
- Completed reload, in  0.919 seconds
Platform modules already initialized, skipping
Refreshing native plugins compatible for Editor in 0.40 ms, found 1 plugins.
Preloading 0 native plugins for Editor in 0.00 ms.
Unloading 1806 Unused Serialized files (Serialized files now loaded: 0)
System memory in use before: 84.9 MB.
System memory in use after: 84.9 MB.

Unloading 12 unused Assets to reduce memory usage. Loaded Objects now: 2319.
Total: 2.377575 ms (FindLiveObjects: 0.267381 ms CreateObjectMapping: 0.050334 ms MarkObjects: 1.922322 ms  DeleteObjects: 0.136576 ms)

========================================================================
Received Prepare
Refreshing native plugins compatible for Editor in 1.98 ms, found 1 plugins.
Preloading 0 native plugins for Editor in 0.00 ms.
Unloading 10 Unused Serialized files (Serialized files now loaded: 0)
System memory in use before: 49.4 MB.
System memory in use after: 49.4 MB.

Unloading 10 unused Assets to reduce memory usage. Loaded Objects now: 2319.
Total: 2.269212 ms (FindLiveObjects: 0.230191 ms CreateObjectMapping: 0.049052 ms MarkObjects: 1.858843 ms  DeleteObjects: 0.130164 ms)

========================================================================
Received Prepare
Refreshing native plugins compatible for Editor in 1.65 ms, found 1 plugins.
Preloading 0 native plugins for Editor in 0.00 ms.
Unloading 10 Unused Serialized files (Serialized files now loaded: 0)
System memory in use before: 49.4 MB.
System memory in use after: 49.4 MB.

Unloading 10 unused Assets to reduce memory usage. Loaded Objects now: 2319.
Total: 2.479205 ms (FindLiveObjects: 0.239168 ms CreateObjectMapping: 0.050014 ms MarkObjects: 2.036456 ms  DeleteObjects: 0.152285 ms)

========================================================================
Received Prepare
Registering precompiled user dll's ...
Registered in 0.000839 seconds.
Begin MonoManager ReloadAssembly
Native extension for WindowsStandalone target not found
Refreshing native plugins compatible for Editor in 0.46 ms, found 1 plugins.
Preloading 0 native plugins for Editor in 0.00 ms.
Invoked RoslynAnalysisRunner static constructor.
RoslynAnalysisRunner will not be running.
RoslynAnalysisRunner has terminated.
Mono: successfully reloaded assembly
- Completed reload, in  0.956 seconds
Platform modules already initialized, skipping
Switching build target platform(5) subTarget(0) extendedPlatform(0) -> platform(13) subTarget(537395200) extendedPlatform(0)
Refreshing native plugins compatible for Editor in 0.43 ms, found 1 plugins.
Preloading 0 native plugins for Editor in 0.00 ms.
Unloading 1810 Unused Serialized files (Serialized files now loaded: 0)
System memory in use before: 84.9 MB.
System memory in use after: 84.9 MB.

Unloading 12 unused Assets to reduce memory usage. Loaded Objects now: 2323.
Total: 2.379498 ms (FindLiveObjects: 0.231474 ms CreateObjectMapping: 0.066044 ms MarkObjects: 1.948290 ms  DeleteObjects: 0.132729 ms)

AssetImportParameters requested are different than current active one (requested -> active):
  custom:graphics/normal-map-encoding: 01000000000000000000000000000000 -> 02000000000000000000000000000000
========================================================================
Received Prepare
Refreshing native plugins compatible for Editor in 1.94 ms, found 1 plugins.
Preloading 0 native plugins for Editor in 0.00 ms.
Unloading 10 Unused Serialized files (Serialized files now loaded: 0)
System memory in use before: 49.4 MB.
System memory in use after: 49.4 MB.

Unloading 10 unused Assets to reduce memory usage. Loaded Objects now: 2323.
Total: 2.261838 ms (FindLiveObjects: 0.230191 ms CreateObjectMapping: 0.048731 ms MarkObjects: 1.851469 ms  DeleteObjects: 0.130484 ms)

========================================================================
Received Import Request.
  Time since last request: 9820.379630 seconds.
  path: Assets/Bomb.prefab
  artifactKey: Guid(6de18b8bb7b9a464a8719bfa6c98dadb) Importer(815301076,1909f56bfc062723c751e8b465ee728b)
Start importing Assets/Bomb.prefab using Guid(6de18b8bb7b9a464a8719bfa6c98dadb) Importer(815301076,1909f56bfc062723c751e8b465ee728b)  -> (artifact id: '51047c66f4f44caeb56b1dc50d3a9444') in 0.093239 seconds
  Import took 0.096729 seconds .

========================================================================
Received Prepare
Registering precompiled user dll's ...
Registered in 0.000889 seconds.
Begin MonoManager ReloadAssembly
Native extension for WindowsStandalone target not found
Refreshing native plugins compatible for Editor in 0.89 ms, found 1 plugins.
Preloading 0 native plugins for Editor in 0.00 ms.
Invoked RoslynAnalysisRunner static constructor.
RoslynAnalysisRunner will not be running.
RoslynAnalysisRunner has terminated.
Mono: successfully reloaded assembly
- Completed reload, in  1.063 seconds
Platform modules already initialized, skipping
Switching build target platform(5) subTarget(0) extendedPlatform(0) -> platform(13) subTarget(537395200) extendedPlatform(0)
Refreshing native plugins compatible for Editor in 0.47 ms, found 1 plugins.
Preloading 0 native plugins for Editor in 0.00 ms.
Unloading 1810 Unused Serialized files (Serialized files now loaded: 0)
System memory in use before: 88.1 MB.
System memory in use after: 88.1 MB.

Unloading 12 unused Assets to reduce memory usage. Loaded Objects now: 2334.
Total: 2.561599 ms (FindLiveObjects: 0.327654 ms CreateObjectMapping: 0.071494 ms MarkObjects: 2.022670 ms  DeleteObjects: 0.138179 ms)

AssetImportParameters requested are different than current active one (requested -> active):
  custom:graphics/normal-map-encoding: 01000000000000000000000000000000 -> 02000000000000000000000000000000
========================================================================
Received Prepare
Refreshing native plugins compatible for Editor in 1.73 ms, found 1 plugins.
Preloading 0 native plugins for Editor in 0.00 ms.
Unloading 10 Unused Serialized files (Serialized files now loaded: 0)
System memory in use before: 52.6 MB.
System memory in use after: 52.5 MB.

Unloading 10 unused Assets to reduce memory usage. Loaded Objects now: 2334.
Total: 2.249334 ms (FindLiveObjects: 0.223459 ms CreateObjectMapping: 0.049373 ms MarkObjects: 1.848263 ms  DeleteObjects: 0.127599 ms)

========================================================================
Received Prepare
Refreshing native plugins compatible for Editor in 1.62 ms, found 1 plugins.
Preloading 0 native plugins for Editor in 0.00 ms.
Unloading 10 Unused Serialized files (Serialized files now loaded: 0)
System memory in use before: 52.6 MB.
System memory in use after: 52.5 MB.

Unloading 10 unused Assets to reduce memory usage. Loaded Objects now: 2334.
Total: 2.261838 ms (FindLiveObjects: 0.236283 ms CreateObjectMapping: 0.050014 ms MarkObjects: 1.847301 ms  DeleteObjects: 0.127599 ms)

